<?xml version="1.0" encoding="UTF-8"?>
<robot generator="Robot 3.0 (Jython 2.7.0 on java1.8.0_111)" generated="20170302 16:08:43.655">
<suite source="C:\Users\Blake\Desktop\CS310\Leaderboard_master\src\test\acceptancetest" name="Acceptancetest" id="s1">
<suite source="C:\Users\Blake\Desktop\CS310\Leaderboard_master\src\test\acceptancetest\feature01.robot" name="Feature01" id="s1-s1">
<test name="Test Gamegogy Load Student Data" id="s1-s1-t1">
<kw library="keywords.GamegogyKeywords" name="Start Gamegogy CLI With Arguments">
<arguments>
<arg>student</arg>
<arg>111128</arg>
</arguments>
<status endtime="20170302 16:08:44.208" starttime="20170302 16:08:44.189" status="PASS"></status>
</kw>
<kw library="keywords.GamegogyKeywords" name="Get Command Line Output">
<assign>
<var>${output}</var>
</assign>
<msg level="INFO" timestamp="20170302 16:08:44.217">${output} = [111128] Maritza Abbott mabbott@jsu.edu</msg>
<status endtime="20170302 16:08:44.221" starttime="20170302 16:08:44.211" status="PASS"></status>
</kw>
<kw library="BuiltIn" name="Should Be Equal">
<doc>Fails if the given objects are unequal.</doc>
<arguments>
<arg>${f01stu_expected}</arg>
<arg>${output}</arg>
</arguments>
<status endtime="20170302 16:08:44.235" starttime="20170302 16:08:44.224" status="PASS"></status>
</kw>
<status critical="yes" endtime="20170302 16:08:44.239" starttime="20170302 16:08:44.179" status="PASS"></status>
</test>
<test name="Test Gamegogy Load Course Data" id="s1-s1-t2">
<kw library="keywords.GamegogyKeywords" name="Start Gamegogy CLI With Arguments">
<arguments>
<arg>course</arg>
<arg>99018</arg>
</arguments>
<status endtime="20170302 16:08:44.270" starttime="20170302 16:08:44.254" status="PASS"></status>
</kw>
<kw library="keywords.GamegogyKeywords" name="Get Command Line Output">
<assign>
<var>${output}</var>
</assign>
<msg level="INFO" timestamp="20170302 16:08:44.283">${output} = [99018] Spring 2014 (16 students)</msg>
<status endtime="20170302 16:08:44.286" starttime="20170302 16:08:44.274" status="PASS"></status>
</kw>
<kw library="BuiltIn" name="Should Be Equal">
<doc>Fails if the given objects are unequal.</doc>
<arguments>
<arg>${f01crs_expected}</arg>
<arg>${output}</arg>
</arguments>
<status endtime="20170302 16:08:44.304" starttime="20170302 16:08:44.289" status="PASS"></status>
</kw>
<status critical="yes" endtime="20170302 16:08:44.307" starttime="20170302 16:08:44.247" status="PASS"></status>
</test>
<test name="Test Gamegogy With No Arguments" id="s1-s1-t3">
<kw library="keywords.GamegogyKeywords" name="Start Gamegogy CLI With Arguments">
<status endtime="20170302 16:08:44.351" starttime="20170302 16:08:44.337" status="PASS"></status>
</kw>
<kw library="keywords.GamegogyKeywords" name="Get Command Line Output">
<assign>
<var>${output}</var>
</assign>
<msg level="INFO" timestamp="20170302 16:08:44.362">${output} = </msg>
<status endtime="20170302 16:08:44.365" starttime="20170302 16:08:44.356" status="PASS"></status>
</kw>
<kw library="BuiltIn" name="Should Be Equal">
<doc>Fails if the given objects are unequal.</doc>
<arguments>
<arg>${output}</arg>
</arguments>
<status endtime="20170302 16:08:44.377" starttime="20170302 16:08:44.368" status="PASS"></status>
</kw>
<status critical="yes" endtime="20170302 16:08:44.379" starttime="20170302 16:08:44.327" status="PASS"></status>
</test>
<status endtime="20170302 16:08:44.401" starttime="20170302 16:08:44.078" status="PASS"></status>
</suite>
<suite source="C:\Users\Blake\Desktop\CS310\Leaderboard_master\src\test\acceptancetest\feature02.robot" name="Feature02" id="s1-s2">
<test name="Test Gamegogy Load Student List" id="s1-s2-t1">
<kw library="keywords.GamegogyKeywords" name="Start Gamegogy CLI With Arguments">
<arguments>
<arg>studentids</arg>
</arguments>
<status endtime="20170302 16:08:44.592" starttime="20170302 16:08:44.566" status="PASS"></status>
</kw>
<kw library="keywords.GamegogyKeywords" name="Get Command Line Output">
<assign>
<var>${output}</var>
</assign>
<msg level="INFO" timestamp="20170302 16:08:44.605">${output} = 111111
111112
111113
111114
111115
111116
111117
111118
111119
111120
111121
111122
111123
111124
111125
111126
111127
111128
111129
111130
111131
111132
111133
111134
111135
111136
111137
111138
1111...</msg>
<status endtime="20170302 16:08:44.607" starttime="20170302 16:08:44.598" status="PASS"></status>
</kw>
<kw library="BuiltIn" name="Should Be Equal">
<doc>Fails if the given objects are unequal.</doc>
<arguments>
<arg>${f02stu_expected}</arg>
<arg>${output}</arg>
</arguments>
<status endtime="20170302 16:08:44.617" starttime="20170302 16:08:44.610" status="PASS"></status>
</kw>
<status critical="yes" endtime="20170302 16:08:44.622" starttime="20170302 16:08:44.560" status="PASS"></status>
</test>
<test name="Test Gamegogy Load Course List" id="s1-s2-t2">
<kw library="keywords.GamegogyKeywords" name="Start Gamegogy CLI With Arguments">
<arguments>
<arg>courseids</arg>
</arguments>
<status endtime="20170302 16:08:44.680" starttime="20170302 16:08:44.662" status="PASS"></status>
</kw>
<kw library="keywords.GamegogyKeywords" name="Get Command Line Output">
<assign>
<var>${output}</var>
</assign>
<msg level="INFO" timestamp="20170302 16:08:44.689">${output} = 99000
99001
99002
99003
99004
99005
99006
99007
99008
99009
99010
99011
99012
99013
99014
99015
99016
99017
99018
99019
99020
99021
99022
99023
99024</msg>
<status endtime="20170302 16:08:44.691" starttime="20170302 16:08:44.682" status="PASS"></status>
</kw>
<kw library="BuiltIn" name="Should Be Equal">
<doc>Fails if the given objects are unequal.</doc>
<arguments>
<arg>${f02crs_expected}</arg>
<arg>${output}</arg>
</arguments>
<status endtime="20170302 16:08:44.705" starttime="20170302 16:08:44.695" status="PASS"></status>
</kw>
<status critical="yes" endtime="20170302 16:08:44.707" starttime="20170302 16:08:44.629" status="PASS"></status>
</test>
<status endtime="20170302 16:08:44.736" starttime="20170302 16:08:44.413" status="PASS"></status>
</suite>
<suite source="C:\Users\Blake\Desktop\CS310\Leaderboard_master\src\test\acceptancetest\feature03.robot" name="Feature03" id="s1-s3">
<test name="Test Gamegogy Default Values" id="s1-s3-t1">
<kw library="SwingLibrary" name="Start Application">
<doc>Alias for `Launch Application` keyword</doc>
<arguments>
<arg>edu.jsu.mcis.Main</arg>
</arguments>
<status endtime="20170302 16:08:51.416" starttime="20170302 16:08:46.838" status="PASS"></status>
</kw>
<kw library="SwingLibrary" name="Select Window">
<doc>Selects a window as current context and sets focus to it.</doc>
<arguments>
<arg>Gamegogy</arg>
</arguments>
<status endtime="20170302 16:08:51.767" starttime="20170302 16:08:51.425" status="PASS"></status>
</kw>
<kw library="SwingLibrary" name="Get Selected Item From Combo Box">
<doc>Returns an item from a combobox.</doc>
<arguments>
<arg>courseComboBox</arg>
</arguments>
<assign>
<var>${courseId}</var>
</assign>
<msg level="INFO" timestamp="20170302 16:08:52.288">${courseId} = 99000</msg>
<status endtime="20170302 16:08:52.290" starttime="20170302 16:08:51.770" status="PASS"></status>
</kw>
<kw library="BuiltIn" name="Should Be Equal">
<doc>Fails if the given objects are unequal.</doc>
<arguments>
<arg>99000</arg>
<arg>${courseId}</arg>
</arguments>
<status endtime="20170302 16:08:52.299" starttime="20170302 16:08:52.293" status="PASS"></status>
</kw>
<kw library="SwingLibrary" name="Get Selected Item From Combo Box">
<doc>Returns an item from a combobox.</doc>
<arguments>
<arg>columnComboBox</arg>
</arguments>
<assign>
<var>${columnName}</var>
</assign>
<msg level="INFO" timestamp="20170302 16:08:52.584">${columnName} = Total</msg>
<status endtime="20170302 16:08:52.585" starttime="20170302 16:08:52.301" status="PASS"></status>
</kw>
<kw library="BuiltIn" name="Should Be Equal">
<doc>Fails if the given objects are unequal.</doc>
<arguments>
<arg>Total</arg>
<arg>${columnName}</arg>
</arguments>
<status endtime="20170302 16:08:52.591" starttime="20170302 16:08:52.586" status="PASS"></status>
</kw>
<kw library="SwingLibrary" name="Label Text Should Be">
<doc>Checks the equality of given text and the text displayed on a label.</doc>
<arguments>
<arg>courseTerm</arg>
<arg>Spring 2013</arg>
</arguments>
<msg level="FAIL" timestamp="20170302 16:08:52.661">Expected label 'courseTerm' value to be 'Spring 2013', but was ''</msg>
<status endtime="20170302 16:08:52.665" starttime="20170302 16:08:52.593" status="FAIL"></status>
</kw>
<status critical="yes" endtime="20170302 16:08:52.668" starttime="20170302 16:08:46.830" status="FAIL">Expected label 'courseTerm' value to be 'Spring 2013', but was ''</status>
</test>
<test name="Test Gamegogy Course Select" id="s1-s3-t2">
<kw library="SwingLibrary" name="Start Application">
<doc>Alias for `Launch Application` keyword</doc>
<arguments>
<arg>edu.jsu.mcis.Main</arg>
</arguments>
<status endtime="20170302 16:08:52.761" starttime="20170302 16:08:52.678" status="PASS"></status>
</kw>
<kw library="SwingLibrary" name="Select Window">
<doc>Selects a window as current context and sets focus to it.</doc>
<arguments>
<arg>Gamegogy</arg>
</arguments>
<status endtime="20170302 16:08:52.809" starttime="20170302 16:08:52.764" status="PASS"></status>
</kw>
<kw library="SwingLibrary" name="Select From Combo Box">
<doc>Selects an item from a combobox.</doc>
<arguments>
<arg>courseComboBox</arg>
<arg>7</arg>
</arguments>
<msg level="FAIL" timestamp="20170302 16:08:53.316">Exception in Path selecting</msg>
<status endtime="20170302 16:08:53.320" starttime="20170302 16:08:52.813" status="FAIL"></status>
</kw>
<status critical="yes" endtime="20170302 16:08:53.323" starttime="20170302 16:08:52.673" status="FAIL">Exception in Path selecting</status>
</test>
<test name="Test Gamegogy Column Select" id="s1-s3-t3">
<kw library="SwingLibrary" name="Start Application">
<doc>Alias for `Launch Application` keyword</doc>
<arguments>
<arg>edu.jsu.mcis.Main</arg>
</arguments>
<status endtime="20170302 16:08:53.398" starttime="20170302 16:08:53.335" status="PASS"></status>
</kw>
<kw library="SwingLibrary" name="Select Window">
<doc>Selects a window as current context and sets focus to it.</doc>
<arguments>
<arg>Gamegogy</arg>
</arguments>
<status endtime="20170302 16:08:53.441" starttime="20170302 16:08:53.400" status="PASS"></status>
</kw>
<kw library="SwingLibrary" name="Select From Combo Box">
<doc>Selects an item from a combobox.</doc>
<arguments>
<arg>courseComboBox</arg>
<arg>9</arg>
</arguments>
<msg level="FAIL" timestamp="20170302 16:08:53.860">Exception in Path selecting</msg>
<status endtime="20170302 16:08:53.864" starttime="20170302 16:08:53.444" status="FAIL"></status>
</kw>
<status critical="yes" endtime="20170302 16:08:53.866" starttime="20170302 16:08:53.329" status="FAIL">Exception in Path selecting</status>
</test>
<status endtime="20170302 16:08:53.877" starttime="20170302 16:08:44.745" status="FAIL"></status>
</suite>
<status endtime="20170302 16:08:53.914" starttime="20170302 16:08:43.676" status="FAIL"></status>
</suite>
<statistics>
<total>
<stat pass="5" fail="3">Critical Tests</stat>
<stat pass="5" fail="3">All Tests</stat>
</total>
<tag>
</tag>
<suite>
<stat pass="5" fail="3" name="Acceptancetest" id="s1">Acceptancetest</stat>
<stat pass="3" fail="0" name="Feature01" id="s1-s1">Acceptancetest.Feature01</stat>
<stat pass="2" fail="0" name="Feature02" id="s1-s2">Acceptancetest.Feature02</stat>
<stat pass="0" fail="3" name="Feature03" id="s1-s3">Acceptancetest.Feature03</stat>
</suite>
</statistics>
<errors>
</errors>
</robot>
