<?xml version="1.0" encoding="UTF-8"?>
<robot generator="Robot 3.0 (Jython 2.7.0 on java1.8.0_111)" generated="20170413 16:40:31.027">
<suite source="C:\Users\Blake\Desktop\Sword of a Thousand Truths\client\src\test\acceptancetest" name="Acceptancetest" id="s1">
<suite source="C:\Users\Blake\Desktop\Sword of a Thousand Truths\client\src\test\acceptancetest\feature01.robot" name="Feature01" id="s1-s1">
<test name="Test Gamegogy Load Student Data" id="s1-s1-t1">
<kw library="keywords.GamegogyKeywords" name="Start Gamegogy CLI With Arguments">
<arguments>
<arg>student</arg>
<arg>111128</arg>
</arguments>
<msg level="FAIL" timestamp="20170413 16:40:31.248">InvalidIDException: The ID 111128 is invalid or does not exist</msg>
<status endtime="20170413 16:40:31.250" starttime="20170413 16:40:31.232" status="FAIL"></status>
</kw>
<status critical="yes" endtime="20170413 16:40:31.252" starttime="20170413 16:40:31.226" status="FAIL">InvalidIDException: The ID 111128 is invalid or does not exist</status>
</test>
<test name="Test Gamegogy Load Course Data" id="s1-s1-t2">
<kw library="keywords.GamegogyKeywords" name="Start Gamegogy CLI With Arguments">
<arguments>
<arg>course</arg>
<arg>99018</arg>
</arguments>
<msg level="FAIL" timestamp="20170413 16:40:31.282">InvalidIDException: The ID 99018 is invalid or does not exist</msg>
<status endtime="20170413 16:40:31.284" starttime="20170413 16:40:31.257" status="FAIL"></status>
</kw>
<status critical="yes" endtime="20170413 16:40:31.286" starttime="20170413 16:40:31.254" status="FAIL">InvalidIDException: The ID 99018 is invalid or does not exist</status>
</test>
<test name="Test Gamegogy With No Arguments" id="s1-s1-t3">
<kw library="keywords.GamegogyKeywords" name="Start Gamegogy CLI With Arguments">
<status endtime="20170413 16:40:31.304" starttime="20170413 16:40:31.294" status="PASS"></status>
</kw>
<kw library="keywords.GamegogyKeywords" name="Get Command Line Output">
<assign>
<var>${output}</var>
</assign>
<msg level="INFO" timestamp="20170413 16:40:31.313">${output} = </msg>
<status endtime="20170413 16:40:31.314" starttime="20170413 16:40:31.305" status="PASS"></status>
</kw>
<kw library="BuiltIn" name="Should Be Equal">
<doc>Fails if the given objects are unequal.</doc>
<arguments>
<arg>${output}</arg>
</arguments>
<status endtime="20170413 16:40:31.319" starttime="20170413 16:40:31.316" status="PASS"></status>
</kw>
<status critical="yes" endtime="20170413 16:40:31.321" starttime="20170413 16:40:31.290" status="PASS"></status>
</test>
<status endtime="20170413 16:40:31.324" starttime="20170413 16:40:31.187" status="FAIL"></status>
</suite>
<suite source="C:\Users\Blake\Desktop\Sword of a Thousand Truths\client\src\test\acceptancetest\feature02.robot" name="Feature02" id="s1-s2">
<test name="Test Gamegogy Load Student List" id="s1-s2-t1">
<kw library="keywords.GamegogyKeywords" name="Start Gamegogy CLI With Arguments">
<arguments>
<arg>studentids</arg>
</arguments>
<status endtime="20170413 16:40:31.392" starttime="20170413 16:40:31.376" status="PASS"></status>
</kw>
<kw library="keywords.GamegogyKeywords" name="Get Command Line Output">
<assign>
<var>${output}</var>
</assign>
<msg level="INFO" timestamp="20170413 16:40:31.398">${output} = </msg>
<status endtime="20170413 16:40:31.399" starttime="20170413 16:40:31.396" status="PASS"></status>
</kw>
<kw library="BuiltIn" name="Should Be Equal">
<doc>Fails if the given objects are unequal.</doc>
<arguments>
<arg>${f02stu_expected}</arg>
<arg>${output}</arg>
</arguments>
<msg level="FAIL" timestamp="20170413 16:40:31.407">111111
111112
111113
111114
111115
111116
111117
111118
111119
111120
111121
111122
111123
111124
111125
111126
111127
111128
111129
111130
111131
111132
111133
111134
111135
111136
111137
111138
111139
111140
111141
111142
111143
111144
111145
111146
111147
111148
111149
111150
111151
111152
111153
111154
111155
111156
111157
111158
111159
111160
111161
111162
111163
111164
111165
111166
111167
111168
111169
111170
111171
111172
111173
111174
111175
111176
111177
111178
111179
111180
111181
111182
111183
111184
111185
111186
111187
111188
111189
111190
111191
111192
111193
111194
111195
111196
111197
111198
111199
111200
111201
111202
111203
111204
111205
111206
111207
111208
111209
111210
111211
111212
111213
111214
111215
111216
111217
111218
111219
111220
111221
111222
111223
111224
111225
111226
111227
111228
111229
111230
111231
111232
111233
111234
111235
111236
111237
111238
111239
111240
111241
111242
111243
111244
111245
111246
111247
111248
111249
111250
111251
111252
111253
111254
111255
111256
111257
111258
111259
111260
111261
111262
111263
111264
111265
111266
111267
111268
111269
111270
111271
111272
111273
111274
111275
111276
111277
111278
111279
111280
111281
111282
111283
111284
111285
111286
111287
111288
111289
111290
111291
111292
111293
111294
111295
111296
111297
111298
111299
111300
111301
111302
111303
111304
111305
111306
111307
111308
111309
111310
111311
111312
111313
111314
111315
111316
111317
111318
111319
111320
111321
111322
111323
111324
111325
111326
111327
111328
111329
111330
111331
111332
111333
111334
111335
111336
111337
111338
111339
111340
111341
111342
111343
111344
111345
111346
111347
111348
111349
111350
111351
111352
111353
111354
111355
111356
111357
111358
111359
111360
111361
111362
111363
111364
111365
111366
111367
111368
111369
111370
111371
111372
111373
111374
111375
111376
111377
111378
111379
111380
111381
111382
111383
111384
111385
111386
111387
111388
111389
111390
111391
111392
111393
111394
111395
111396
111397
111398
111399
111400
111401
111402
111403
111404
111405
111406
111407
111408
111409
111410 != </msg>
<status endtime="20170413 16:40:31.409" starttime="20170413 16:40:31.400" status="FAIL"></status>
</kw>
<status critical="yes" endtime="20170413 16:40:31.410" starttime="20170413 16:40:31.372" status="FAIL">111111
111112
111113
111114
111115
111116
111117
111118
111119
111120
111121
111122
111123
111124
111125
111126
111127
111128
111129
111130
    [ Message content over the limit has been removed. ]
111391
111392
111393
111394
111395
111396
111397
111398
111399
111400
111401
111402
111403
111404
111405
111406
111407
111408
111409
111410 != </status>
</test>
<test name="Test Gamegogy Load Course List" id="s1-s2-t2">
<kw library="keywords.GamegogyKeywords" name="Start Gamegogy CLI With Arguments">
<arguments>
<arg>courseids</arg>
</arguments>
<status endtime="20170413 16:40:31.426" starttime="20170413 16:40:31.418" status="PASS"></status>
</kw>
<kw library="keywords.GamegogyKeywords" name="Get Command Line Output">
<assign>
<var>${output}</var>
</assign>
<msg level="INFO" timestamp="20170413 16:40:31.429">${output} = </msg>
<status endtime="20170413 16:40:31.430" starttime="20170413 16:40:31.427" status="PASS"></status>
</kw>
<kw library="BuiltIn" name="Should Be Equal">
<doc>Fails if the given objects are unequal.</doc>
<arguments>
<arg>${f02crs_expected}</arg>
<arg>${output}</arg>
</arguments>
<msg level="FAIL" timestamp="20170413 16:40:31.443">99000
99001
99002
99003
99004
99005
99006
99007
99008
99009
99010
99011
99012
99013
99014
99015
99016
99017
99018
99019
99020
99021
99022
99023
99024 != </msg>
<status endtime="20170413 16:40:31.446" starttime="20170413 16:40:31.437" status="FAIL"></status>
</kw>
<status critical="yes" endtime="20170413 16:40:31.448" starttime="20170413 16:40:31.415" status="FAIL">99000
99001
99002
99003
99004
99005
99006
99007
99008
99009
99010
99011
99012
99013
99014
99015
99016
99017
99018
99019
99020
99021
99022
99023
99024 != </status>
</test>
<status endtime="20170413 16:40:31.456" starttime="20170413 16:40:31.329" status="FAIL"></status>
</suite>
<suite source="C:\Users\Blake\Desktop\Sword of a Thousand Truths\client\src\test\acceptancetest\feature03.robot" name="Feature03" id="s1-s3">
<test name="Test Gamegogy Default Values" id="s1-s3-t1">
<kw library="SwingLibrary" name="Start Application">
<doc>Alias for `Launch Application` keyword</doc>
<arguments>
<arg>edu.jsu.mcis.Main</arg>
</arguments>
<msg level="FAIL" timestamp="20170413 16:40:32.143">RuntimeException</msg>
<status endtime="20170413 16:40:32.145" starttime="20170413 16:40:32.069" status="FAIL"></status>
</kw>
<status critical="yes" endtime="20170413 16:40:32.147" starttime="20170413 16:40:32.065" status="FAIL">RuntimeException</status>
</test>
<test name="Test Gamegogy Course Select" id="s1-s3-t2">
<kw library="SwingLibrary" name="Start Application">
<doc>Alias for `Launch Application` keyword</doc>
<arguments>
<arg>edu.jsu.mcis.Main</arg>
</arguments>
<msg level="FAIL" timestamp="20170413 16:40:32.204">RuntimeException</msg>
<status endtime="20170413 16:40:32.206" starttime="20170413 16:40:32.171" status="FAIL"></status>
</kw>
<status critical="yes" endtime="20170413 16:40:32.209" starttime="20170413 16:40:32.149" status="FAIL">RuntimeException</status>
</test>
<test name="Test Gamegogy Column Select" id="s1-s3-t3">
<kw library="SwingLibrary" name="Start Application">
<doc>Alias for `Launch Application` keyword</doc>
<arguments>
<arg>edu.jsu.mcis.Main</arg>
</arguments>
<msg level="FAIL" timestamp="20170413 16:40:32.400">RuntimeException</msg>
<status endtime="20170413 16:40:32.403" starttime="20170413 16:40:32.223" status="FAIL"></status>
</kw>
<status critical="yes" endtime="20170413 16:40:32.406" starttime="20170413 16:40:32.219" status="FAIL">RuntimeException</status>
</test>
<status endtime="20170413 16:40:32.418" starttime="20170413 16:40:31.462" status="FAIL"></status>
</suite>
<suite source="C:\Users\Blake\Desktop\Sword of a Thousand Truths\client\src\test\acceptancetest\feature04.robot" name="Feature04" id="s1-s4">
<test name="Test Click Leaderboard Lowest" id="s1-s4-t1">
<kw library="SwingLibrary" name="Start Application">
<doc>Alias for `Launch Application` keyword</doc>
<arguments>
<arg>edu.jsu.mcis.Main</arg>
</arguments>
<msg level="FAIL" timestamp="20170413 16:40:32.658">RuntimeException</msg>
<status endtime="20170413 16:40:32.662" starttime="20170413 16:40:32.554" status="FAIL"></status>
</kw>
<status critical="yes" endtime="20170413 16:40:32.667" starttime="20170413 16:40:32.549" status="FAIL">RuntimeException</status>
</test>
<test name="Test Click Leaderboard Highest" id="s1-s4-t2">
<kw library="SwingLibrary" name="Start Application">
<doc>Alias for `Launch Application` keyword</doc>
<arguments>
<arg>edu.jsu.mcis.Main</arg>
</arguments>
<msg level="FAIL" timestamp="20170413 16:40:32.725">RuntimeException</msg>
<status endtime="20170413 16:40:32.727" starttime="20170413 16:40:32.676" status="FAIL"></status>
</kw>
<status critical="yes" endtime="20170413 16:40:32.732" starttime="20170413 16:40:32.670" status="FAIL">RuntimeException</status>
</test>
<test name="Test Click Leaderboard Middle" id="s1-s4-t3">
<kw library="SwingLibrary" name="Start Application">
<doc>Alias for `Launch Application` keyword</doc>
<arguments>
<arg>edu.jsu.mcis.Main</arg>
</arguments>
<msg level="FAIL" timestamp="20170413 16:40:32.793">RuntimeException</msg>
<status endtime="20170413 16:40:32.796" starttime="20170413 16:40:32.741" status="FAIL"></status>
</kw>
<status critical="yes" endtime="20170413 16:40:32.798" starttime="20170413 16:40:32.736" status="FAIL">RuntimeException</status>
</test>
<status endtime="20170413 16:40:32.805" starttime="20170413 16:40:32.440" status="FAIL"></status>
</suite>
<suite source="C:\Users\Blake\Desktop\Sword of a Thousand Truths\client\src\test\acceptancetest\feature05.robot" name="Feature05" id="s1-s5">
<test name="Test Gamegogy Default Values" id="s1-s5-t1">
<kw library="SwingLibrary" name="Start Application">
<doc>Alias for `Launch Application` keyword</doc>
<arguments>
<arg>edu.jsu.mcis.Main</arg>
<arg>${service_url_with_slash}</arg>
</arguments>
<msg level="FAIL" timestamp="20170413 16:40:32.885">RuntimeException</msg>
<status endtime="20170413 16:40:32.888" starttime="20170413 16:40:32.853" status="FAIL"></status>
</kw>
<status critical="yes" endtime="20170413 16:40:32.894" starttime="20170413 16:40:32.839" status="FAIL">RuntimeException</status>
</test>
<test name="Test Gamegogy Course Select" id="s1-s5-t2">
<kw library="SwingLibrary" name="Start Application">
<doc>Alias for `Launch Application` keyword</doc>
<arguments>
<arg>edu.jsu.mcis.Main</arg>
<arg>${service_url_no_slash}</arg>
</arguments>
<msg level="FAIL" timestamp="20170413 16:40:32.932">RuntimeException</msg>
<status endtime="20170413 16:40:32.934" starttime="20170413 16:40:32.909" status="FAIL"></status>
</kw>
<status critical="yes" endtime="20170413 16:40:32.937" starttime="20170413 16:40:32.899" status="FAIL">RuntimeException</status>
</test>
<test name="Test Gamegogy Column Select" id="s1-s5-t3">
<kw library="SwingLibrary" name="Start Application">
<doc>Alias for `Launch Application` keyword</doc>
<arguments>
<arg>edu.jsu.mcis.Main</arg>
<arg>${service_url_with_slash}</arg>
</arguments>
<msg level="FAIL" timestamp="20170413 16:40:32.966">RuntimeException</msg>
<status endtime="20170413 16:40:32.969" starttime="20170413 16:40:32.948" status="FAIL"></status>
</kw>
<status critical="yes" endtime="20170413 16:40:32.990" starttime="20170413 16:40:32.942" status="FAIL">RuntimeException</status>
</test>
<status endtime="20170413 16:40:32.996" starttime="20170413 16:40:32.812" status="FAIL"></status>
</suite>
<suite source="C:\Users\Blake\Desktop\Sword of a Thousand Truths\client\src\test\acceptancetest\feature06.robot" name="Feature06" id="s1-s6">
<test name="Test Default File Source" id="s1-s6-t1">
<kw library="SwingLibrary" name="Start Application">
<doc>Alias for `Launch Application` keyword</doc>
<arguments>
<arg>edu.jsu.mcis.Main</arg>
</arguments>
<msg level="FAIL" timestamp="20170413 16:40:33.178">RuntimeException</msg>
<status endtime="20170413 16:40:33.180" starttime="20170413 16:40:33.146" status="FAIL"></status>
</kw>
<status critical="yes" endtime="20170413 16:40:33.182" starttime="20170413 16:40:33.138" status="FAIL">RuntimeException</status>
</test>
<test name="Test Web Service Source" id="s1-s6-t2">
<kw library="SwingLibrary" name="Start Application">
<doc>Alias for `Launch Application` keyword</doc>
<arguments>
<arg>edu.jsu.mcis.Main</arg>
</arguments>
<msg level="FAIL" timestamp="20170413 16:40:33.223">RuntimeException</msg>
<status endtime="20170413 16:40:33.248" starttime="20170413 16:40:33.194" status="FAIL"></status>
</kw>
<status critical="yes" endtime="20170413 16:40:33.250" starttime="20170413 16:40:33.190" status="FAIL">RuntimeException</status>
</test>
<test name="Test Reselected File Source" id="s1-s6-t3">
<kw library="SwingLibrary" name="Start Application">
<doc>Alias for `Launch Application` keyword</doc>
<arguments>
<arg>edu.jsu.mcis.Main</arg>
</arguments>
<msg level="FAIL" timestamp="20170413 16:40:33.273">RuntimeException</msg>
<status endtime="20170413 16:40:33.275" starttime="20170413 16:40:33.255" status="FAIL"></status>
</kw>
<status critical="yes" endtime="20170413 16:40:33.276" starttime="20170413 16:40:33.252" status="FAIL">RuntimeException</status>
</test>
<status endtime="20170413 16:40:33.282" starttime="20170413 16:40:33.002" status="FAIL"></status>
</suite>
<status endtime="20170413 16:40:33.286" starttime="20170413 16:40:31.038" status="FAIL"></status>
</suite>
<statistics>
<total>
<stat pass="1" fail="16">Critical Tests</stat>
<stat pass="1" fail="16">All Tests</stat>
</total>
<tag>
</tag>
<suite>
<stat pass="1" fail="16" name="Acceptancetest" id="s1">Acceptancetest</stat>
<stat pass="1" fail="2" name="Feature01" id="s1-s1">Acceptancetest.Feature01</stat>
<stat pass="0" fail="2" name="Feature02" id="s1-s2">Acceptancetest.Feature02</stat>
<stat pass="0" fail="3" name="Feature03" id="s1-s3">Acceptancetest.Feature03</stat>
<stat pass="0" fail="3" name="Feature04" id="s1-s4">Acceptancetest.Feature04</stat>
<stat pass="0" fail="3" name="Feature05" id="s1-s5">Acceptancetest.Feature05</stat>
<stat pass="0" fail="3" name="Feature06" id="s1-s6">Acceptancetest.Feature06</stat>
</suite>
</statistics>
<errors>
</errors>
</robot>
